Performing C SOURCE FILE Test CMAKE_HAVE_LIBC_PTHREAD failed with the following output:
Change Dir: /home/raj-csh/dev/game/cmake/CMakeFiles/CMakeTmp

Run Build Command(s):/usr/bin/make cmTC_676fb/fast && /usr/bin/make  -f CMakeFiles/cmTC_676fb.dir/build.make CMakeFiles/cmTC_676fb.dir/build
make[1]: Entering directory '/home/raj-csh/dev/game/cmake/CMakeFiles/CMakeTmp'
Building C object CMakeFiles/cmTC_676fb.dir/src.c.o
/usr/bin/cc -DCMAKE_HAVE_LIBC_PTHREAD   -o CMakeFiles/cmTC_676fb.dir/src.c.o -c /home/raj-csh/dev/game/cmake/CMakeFiles/CMakeTmp/src.c
Linking C executable cmTC_676fb
/usr/bin/cmake -E cmake_link_script CMakeFiles/cmTC_676fb.dir/link.txt --verbose=1
/usr/bin/cc CMakeFiles/cmTC_676fb.dir/src.c.o -o cmTC_676fb 
/usr/bin/ld: CMakeFiles/cmTC_676fb.dir/src.c.o: in function `main':
src.c:(.text+0x3e): undefined reference to `pthread_create'
/usr/bin/ld: src.c:(.text+0x4a): undefined reference to `pthread_detach'
/usr/bin/ld: src.c:(.text+0x56): undefined reference to `pthread_cancel'
/usr/bin/ld: src.c:(.text+0x67): undefined reference to `pthread_join'
collect2: error: ld returned 1 exit status
make[1]: *** [CMakeFiles/cmTC_676fb.dir/build.make:106: cmTC_676fb] Error 1
make[1]: Leaving directory '/home/raj-csh/dev/game/cmake/CMakeFiles/CMakeTmp'
make: *** [Makefile:140: cmTC_676fb/fast] Error 2


Source file was:
#include <pthread.h>

static void* test_func(void* data)
{
  return data;
}

int main(void)
{
  pthread_t thread;
  pthread_create(&thread, NULL, test_func, NULL);
  pthread_detach(thread);
  pthread_cancel(thread);
  pthread_join(thread, NULL);
  pthread_atfork(NULL, NULL, NULL);
  pthread_exit(NULL);

  return 0;
}

Determining if the function pthread_create exists in the pthreads failed with the following output:
Change Dir: /home/raj-csh/dev/game/cmake/CMakeFiles/CMakeTmp

Run Build Command(s):/usr/bin/make cmTC_becd8/fast && /usr/bin/make  -f CMakeFiles/cmTC_becd8.dir/build.make CMakeFiles/cmTC_becd8.dir/build
make[1]: Entering directory '/home/raj-csh/dev/game/cmake/CMakeFiles/CMakeTmp'
Building C object CMakeFiles/cmTC_becd8.dir/CheckFunctionExists.c.o
/usr/bin/cc   -DCHECK_FUNCTION_EXISTS=pthread_create -o CMakeFiles/cmTC_becd8.dir/CheckFunctionExists.c.o -c /usr/share/cmake-3.19/Modules/CheckFunctionExists.c
Linking C executable cmTC_becd8
/usr/bin/cmake -E cmake_link_script CMakeFiles/cmTC_becd8.dir/link.txt --verbose=1
/usr/bin/cc  -DCHECK_FUNCTION_EXISTS=pthread_create CMakeFiles/cmTC_becd8.dir/CheckFunctionExists.c.o -o cmTC_becd8  -lpthreads 
/usr/bin/ld: cannot find -lpthreads
collect2: error: ld returned 1 exit status
make[1]: *** [CMakeFiles/cmTC_becd8.dir/build.make:106: cmTC_becd8] Error 1
make[1]: Leaving directory '/home/raj-csh/dev/game/cmake/CMakeFiles/CMakeTmp'
make: *** [Makefile:140: cmTC_becd8/fast] Error 2



Performing C SOURCE FILE Test HAVE_GCC_PREFERRED_STACK_BOUNDARY failed with the following output:
Change Dir: /home/raj-csh/dev/game/cmake/CMakeFiles/CMakeTmp

Run Build Command(s):/usr/bin/make cmTC_41326/fast && /usr/bin/make  -f CMakeFiles/cmTC_41326.dir/build.make CMakeFiles/cmTC_41326.dir/build
make[1]: Entering directory '/home/raj-csh/dev/game/cmake/CMakeFiles/CMakeTmp'
Building C object CMakeFiles/cmTC_41326.dir/src.c.o
/usr/bin/cc -DHAVE_GCC_PREFERRED_STACK_BOUNDARY  -g -O3 -idirafter "/home/raj-csh/dev/game/lib/SDL2/src/video/khronos" -mpreferred-stack-boundary=2 -o CMakeFiles/cmTC_41326.dir/src.c.o -c /home/raj-csh/dev/game/cmake/CMakeFiles/CMakeTmp/src.c
cc1: error: ‘-mpreferred-stack-boundary=2’ is not between 3 and 12
make[1]: *** [CMakeFiles/cmTC_41326.dir/build.make:85: CMakeFiles/cmTC_41326.dir/src.c.o] Error 1
make[1]: Leaving directory '/home/raj-csh/dev/game/cmake/CMakeFiles/CMakeTmp'
make: *** [Makefile:140: cmTC_41326/fast] Error 2


Source file was:
int x = 0; int main(int argc, char **argv) {}
Performing C SOURCE FILE Test HAVE_ALTIVEC_H_HDR failed with the following output:
Change Dir: /home/raj-csh/dev/game/cmake/CMakeFiles/CMakeTmp

Run Build Command(s):/usr/bin/make cmTC_da9fa/fast && /usr/bin/make  -f CMakeFiles/cmTC_da9fa.dir/build.make CMakeFiles/cmTC_da9fa.dir/build
make[1]: Entering directory '/home/raj-csh/dev/game/cmake/CMakeFiles/CMakeTmp'
Building C object CMakeFiles/cmTC_da9fa.dir/src.c.o
/usr/bin/cc -DHAVE_ALTIVEC_H_HDR  -g -O3 -idirafter "/home/raj-csh/dev/game/lib/SDL2/src/video/khronos" -maltivec -o CMakeFiles/cmTC_da9fa.dir/src.c.o -c /home/raj-csh/dev/game/cmake/CMakeFiles/CMakeTmp/src.c
cc: error: unrecognized command-line option ‘-maltivec’
make[1]: *** [CMakeFiles/cmTC_da9fa.dir/build.make:85: CMakeFiles/cmTC_da9fa.dir/src.c.o] Error 1
make[1]: Leaving directory '/home/raj-csh/dev/game/cmake/CMakeFiles/CMakeTmp'
make: *** [Makefile:140: cmTC_da9fa/fast] Error 2


Source file was:

          #include <altivec.h>
          vector unsigned int vzero() {
              return vec_splat_u32(0);
          }
          int main(int argc, char **argv) { }
Performing C SOURCE FILE Test HAVE_ALTIVEC failed with the following output:
Change Dir: /home/raj-csh/dev/game/cmake/CMakeFiles/CMakeTmp

Run Build Command(s):/usr/bin/make cmTC_ad03e/fast && /usr/bin/make  -f CMakeFiles/cmTC_ad03e.dir/build.make CMakeFiles/cmTC_ad03e.dir/build
make[1]: Entering directory '/home/raj-csh/dev/game/cmake/CMakeFiles/CMakeTmp'
Building C object CMakeFiles/cmTC_ad03e.dir/src.c.o
/usr/bin/cc -DHAVE_ALTIVEC  -g -O3 -idirafter "/home/raj-csh/dev/game/lib/SDL2/src/video/khronos" -maltivec -o CMakeFiles/cmTC_ad03e.dir/src.c.o -c /home/raj-csh/dev/game/cmake/CMakeFiles/CMakeTmp/src.c
cc: error: unrecognized command-line option ‘-maltivec’
make[1]: *** [CMakeFiles/cmTC_ad03e.dir/build.make:85: CMakeFiles/cmTC_ad03e.dir/src.c.o] Error 1
make[1]: Leaving directory '/home/raj-csh/dev/game/cmake/CMakeFiles/CMakeTmp'
make: *** [Makefile:140: cmTC_ad03e/fast] Error 2


Source file was:

          vector unsigned int vzero() {
              return vec_splat_u32(0);
          }
          int main(int argc, char **argv) { }
Determining if the strlcpy exist failed with the following output:
Change Dir: /home/raj-csh/dev/game/cmake/CMakeFiles/CMakeTmp

Run Build Command(s):/usr/bin/make cmTC_426e5/fast && /usr/bin/make  -f CMakeFiles/cmTC_426e5.dir/build.make CMakeFiles/cmTC_426e5.dir/build
make[1]: Entering directory '/home/raj-csh/dev/game/cmake/CMakeFiles/CMakeTmp'
Building C object CMakeFiles/cmTC_426e5.dir/CheckSymbolExists.c.o
/usr/bin/cc   -g -O3 -idirafter "/home/raj-csh/dev/game/lib/SDL2/src/video/khronos"  -o CMakeFiles/cmTC_426e5.dir/CheckSymbolExists.c.o -c /home/raj-csh/dev/game/cmake/CMakeFiles/CMakeTmp/CheckSymbolExists.c
/home/raj-csh/dev/game/cmake/CMakeFiles/CMakeTmp/CheckSymbolExists.c: In function ‘main’:
/home/raj-csh/dev/game/cmake/CMakeFiles/CMakeTmp/CheckSymbolExists.c:14:19: error: ‘strlcpy’ undeclared (first use in this function); did you mean ‘strncpy’?
   14 |   return ((int*)(&strlcpy))[argc];
      |                   ^~~~~~~
      |                   strncpy
/home/raj-csh/dev/game/cmake/CMakeFiles/CMakeTmp/CheckSymbolExists.c:14:19: note: each undeclared identifier is reported only once for each function it appears in
make[1]: *** [CMakeFiles/cmTC_426e5.dir/build.make:85: CMakeFiles/cmTC_426e5.dir/CheckSymbolExists.c.o] Error 1
make[1]: Leaving directory '/home/raj-csh/dev/game/cmake/CMakeFiles/CMakeTmp'
make: *** [Makefile:140: cmTC_426e5/fast] Error 2


File /home/raj-csh/dev/game/cmake/CMakeFiles/CMakeTmp/CheckSymbolExists.c:
/* */
#include <stddef.h>
#include <stdarg.h>
#include <stdlib.h>
#include <string.h>
#include <stdio.h>
#include <wchar.h>
#include <float.h>

int main(int argc, char** argv)
{
  (void)argv;
#ifndef strlcpy
  return ((int*)(&strlcpy))[argc];
#else
  (void)argc;
  return 0;
#endif
}
Determining if the strlcat exist failed with the following output:
Change Dir: /home/raj-csh/dev/game/cmake/CMakeFiles/CMakeTmp

Run Build Command(s):/usr/bin/make cmTC_8d8e8/fast && /usr/bin/make  -f CMakeFiles/cmTC_8d8e8.dir/build.make CMakeFiles/cmTC_8d8e8.dir/build
make[1]: Entering directory '/home/raj-csh/dev/game/cmake/CMakeFiles/CMakeTmp'
Building C object CMakeFiles/cmTC_8d8e8.dir/CheckSymbolExists.c.o
/usr/bin/cc   -g -O3 -idirafter "/home/raj-csh/dev/game/lib/SDL2/src/video/khronos"  -o CMakeFiles/cmTC_8d8e8.dir/CheckSymbolExists.c.o -c /home/raj-csh/dev/game/cmake/CMakeFiles/CMakeTmp/CheckSymbolExists.c
/home/raj-csh/dev/game/cmake/CMakeFiles/CMakeTmp/CheckSymbolExists.c: In function ‘main’:
/home/raj-csh/dev/game/cmake/CMakeFiles/CMakeTmp/CheckSymbolExists.c:14:19: error: ‘strlcat’ undeclared (first use in this function); did you mean ‘strncat’?
   14 |   return ((int*)(&strlcat))[argc];
      |                   ^~~~~~~
      |                   strncat
/home/raj-csh/dev/game/cmake/CMakeFiles/CMakeTmp/CheckSymbolExists.c:14:19: note: each undeclared identifier is reported only once for each function it appears in
make[1]: *** [CMakeFiles/cmTC_8d8e8.dir/build.make:85: CMakeFiles/cmTC_8d8e8.dir/CheckSymbolExists.c.o] Error 1
make[1]: Leaving directory '/home/raj-csh/dev/game/cmake/CMakeFiles/CMakeTmp'
make: *** [Makefile:140: cmTC_8d8e8/fast] Error 2


File /home/raj-csh/dev/game/cmake/CMakeFiles/CMakeTmp/CheckSymbolExists.c:
/* */
#include <stddef.h>
#include <stdarg.h>
#include <stdlib.h>
#include <string.h>
#include <stdio.h>
#include <wchar.h>
#include <float.h>

int main(int argc, char** argv)
{
  (void)argv;
#ifndef strlcat
  return ((int*)(&strlcat))[argc];
#else
  (void)argc;
  return 0;
#endif
}
Determining if the _strrev exist failed with the following output:
Change Dir: /home/raj-csh/dev/game/cmake/CMakeFiles/CMakeTmp

Run Build Command(s):/usr/bin/make cmTC_90213/fast && /usr/bin/make  -f CMakeFiles/cmTC_90213.dir/build.make CMakeFiles/cmTC_90213.dir/build
make[1]: Entering directory '/home/raj-csh/dev/game/cmake/CMakeFiles/CMakeTmp'
Building C object CMakeFiles/cmTC_90213.dir/CheckSymbolExists.c.o
/usr/bin/cc   -g -O3 -idirafter "/home/raj-csh/dev/game/lib/SDL2/src/video/khronos"  -o CMakeFiles/cmTC_90213.dir/CheckSymbolExists.c.o -c /home/raj-csh/dev/game/cmake/CMakeFiles/CMakeTmp/CheckSymbolExists.c
/home/raj-csh/dev/game/cmake/CMakeFiles/CMakeTmp/CheckSymbolExists.c: In function ‘main’:
/home/raj-csh/dev/game/cmake/CMakeFiles/CMakeTmp/CheckSymbolExists.c:14:19: error: ‘_strrev’ undeclared (first use in this function)
   14 |   return ((int*)(&_strrev))[argc];
      |                   ^~~~~~~
/home/raj-csh/dev/game/cmake/CMakeFiles/CMakeTmp/CheckSymbolExists.c:14:19: note: each undeclared identifier is reported only once for each function it appears in
make[1]: *** [CMakeFiles/cmTC_90213.dir/build.make:85: CMakeFiles/cmTC_90213.dir/CheckSymbolExists.c.o] Error 1
make[1]: Leaving directory '/home/raj-csh/dev/game/cmake/CMakeFiles/CMakeTmp'
make: *** [Makefile:140: cmTC_90213/fast] Error 2


File /home/raj-csh/dev/game/cmake/CMakeFiles/CMakeTmp/CheckSymbolExists.c:
/* */
#include <stddef.h>
#include <stdarg.h>
#include <stdlib.h>
#include <string.h>
#include <stdio.h>
#include <wchar.h>
#include <float.h>

int main(int argc, char** argv)
{
  (void)argv;
#ifndef _strrev
  return ((int*)(&_strrev))[argc];
#else
  (void)argc;
  return 0;
#endif
}
Determining if the _strupr exist failed with the following output:
Change Dir: /home/raj-csh/dev/game/cmake/CMakeFiles/CMakeTmp

Run Build Command(s):/usr/bin/make cmTC_81cc9/fast && /usr/bin/make  -f CMakeFiles/cmTC_81cc9.dir/build.make CMakeFiles/cmTC_81cc9.dir/build
make[1]: Entering directory '/home/raj-csh/dev/game/cmake/CMakeFiles/CMakeTmp'
Building C object CMakeFiles/cmTC_81cc9.dir/CheckSymbolExists.c.o
/usr/bin/cc   -g -O3 -idirafter "/home/raj-csh/dev/game/lib/SDL2/src/video/khronos"  -o CMakeFiles/cmTC_81cc9.dir/CheckSymbolExists.c.o -c /home/raj-csh/dev/game/cmake/CMakeFiles/CMakeTmp/CheckSymbolExists.c
/home/raj-csh/dev/game/cmake/CMakeFiles/CMakeTmp/CheckSymbolExists.c: In function ‘main’:
/home/raj-csh/dev/game/cmake/CMakeFiles/CMakeTmp/CheckSymbolExists.c:14:19: error: ‘_strupr’ undeclared (first use in this function)
   14 |   return ((int*)(&_strupr))[argc];
      |                   ^~~~~~~
/home/raj-csh/dev/game/cmake/CMakeFiles/CMakeTmp/CheckSymbolExists.c:14:19: note: each undeclared identifier is reported only once for each function it appears in
make[1]: *** [CMakeFiles/cmTC_81cc9.dir/build.make:85: CMakeFiles/cmTC_81cc9.dir/CheckSymbolExists.c.o] Error 1
make[1]: Leaving directory '/home/raj-csh/dev/game/cmake/CMakeFiles/CMakeTmp'
make: *** [Makefile:140: cmTC_81cc9/fast] Error 2


File /home/raj-csh/dev/game/cmake/CMakeFiles/CMakeTmp/CheckSymbolExists.c:
/* */
#include <stddef.h>
#include <stdarg.h>
#include <stdlib.h>
#include <string.h>
#include <stdio.h>
#include <wchar.h>
#include <float.h>

int main(int argc, char** argv)
{
  (void)argv;
#ifndef _strupr
  return ((int*)(&_strupr))[argc];
#else
  (void)argc;
  return 0;
#endif
}
Determining if the _strlwr exist failed with the following output:
Change Dir: /home/raj-csh/dev/game/cmake/CMakeFiles/CMakeTmp

Run Build Command(s):/usr/bin/make cmTC_cd59c/fast && /usr/bin/make  -f CMakeFiles/cmTC_cd59c.dir/build.make CMakeFiles/cmTC_cd59c.dir/build
make[1]: Entering directory '/home/raj-csh/dev/game/cmake/CMakeFiles/CMakeTmp'
Building C object CMakeFiles/cmTC_cd59c.dir/CheckSymbolExists.c.o
/usr/bin/cc   -g -O3 -idirafter "/home/raj-csh/dev/game/lib/SDL2/src/video/khronos"  -o CMakeFiles/cmTC_cd59c.dir/CheckSymbolExists.c.o -c /home/raj-csh/dev/game/cmake/CMakeFiles/CMakeTmp/CheckSymbolExists.c
/home/raj-csh/dev/game/cmake/CMakeFiles/CMakeTmp/CheckSymbolExists.c: In function ‘main’:
/home/raj-csh/dev/game/cmake/CMakeFiles/CMakeTmp/CheckSymbolExists.c:14:19: error: ‘_strlwr’ undeclared (first use in this function)
   14 |   return ((int*)(&_strlwr))[argc];
      |                   ^~~~~~~
/home/raj-csh/dev/game/cmake/CMakeFiles/CMakeTmp/CheckSymbolExists.c:14:19: note: each undeclared identifier is reported only once for each function it appears in
make[1]: *** [CMakeFiles/cmTC_cd59c.dir/build.make:85: CMakeFiles/cmTC_cd59c.dir/CheckSymbolExists.c.o] Error 1
make[1]: Leaving directory '/home/raj-csh/dev/game/cmake/CMakeFiles/CMakeTmp'
make: *** [Makefile:140: cmTC_cd59c/fast] Error 2


File /home/raj-csh/dev/game/cmake/CMakeFiles/CMakeTmp/CheckSymbolExists.c:
/* */
#include <stddef.h>
#include <stdarg.h>
#include <stdlib.h>
#include <string.h>
#include <stdio.h>
#include <wchar.h>
#include <float.h>

int main(int argc, char** argv)
{
  (void)argv;
#ifndef _strlwr
  return ((int*)(&_strlwr))[argc];
#else
  (void)argc;
  return 0;
#endif
}
Determining if the itoa exist failed with the following output:
Change Dir: /home/raj-csh/dev/game/cmake/CMakeFiles/CMakeTmp

Run Build Command(s):/usr/bin/make cmTC_4060b/fast && /usr/bin/make  -f CMakeFiles/cmTC_4060b.dir/build.make CMakeFiles/cmTC_4060b.dir/build
make[1]: Entering directory '/home/raj-csh/dev/game/cmake/CMakeFiles/CMakeTmp'
Building C object CMakeFiles/cmTC_4060b.dir/CheckSymbolExists.c.o
/usr/bin/cc   -g -O3 -idirafter "/home/raj-csh/dev/game/lib/SDL2/src/video/khronos"  -o CMakeFiles/cmTC_4060b.dir/CheckSymbolExists.c.o -c /home/raj-csh/dev/game/cmake/CMakeFiles/CMakeTmp/CheckSymbolExists.c
/home/raj-csh/dev/game/cmake/CMakeFiles/CMakeTmp/CheckSymbolExists.c: In function ‘main’:
/home/raj-csh/dev/game/cmake/CMakeFiles/CMakeTmp/CheckSymbolExists.c:14:19: error: ‘itoa’ undeclared (first use in this function)
   14 |   return ((int*)(&itoa))[argc];
      |                   ^~~~
/home/raj-csh/dev/game/cmake/CMakeFiles/CMakeTmp/CheckSymbolExists.c:14:19: note: each undeclared identifier is reported only once for each function it appears in
make[1]: *** [CMakeFiles/cmTC_4060b.dir/build.make:85: CMakeFiles/cmTC_4060b.dir/CheckSymbolExists.c.o] Error 1
make[1]: Leaving directory '/home/raj-csh/dev/game/cmake/CMakeFiles/CMakeTmp'
make: *** [Makefile:140: cmTC_4060b/fast] Error 2


File /home/raj-csh/dev/game/cmake/CMakeFiles/CMakeTmp/CheckSymbolExists.c:
/* */
#include <stddef.h>
#include <stdarg.h>
#include <stdlib.h>
#include <string.h>
#include <stdio.h>
#include <wchar.h>
#include <float.h>

int main(int argc, char** argv)
{
  (void)argv;
#ifndef itoa
  return ((int*)(&itoa))[argc];
#else
  (void)argc;
  return 0;
#endif
}
Determining if the _ltoa exist failed with the following output:
Change Dir: /home/raj-csh/dev/game/cmake/CMakeFiles/CMakeTmp

Run Build Command(s):/usr/bin/make cmTC_def8e/fast && /usr/bin/make  -f CMakeFiles/cmTC_def8e.dir/build.make CMakeFiles/cmTC_def8e.dir/build
make[1]: Entering directory '/home/raj-csh/dev/game/cmake/CMakeFiles/CMakeTmp'
Building C object CMakeFiles/cmTC_def8e.dir/CheckSymbolExists.c.o
/usr/bin/cc   -g -O3 -idirafter "/home/raj-csh/dev/game/lib/SDL2/src/video/khronos"  -o CMakeFiles/cmTC_def8e.dir/CheckSymbolExists.c.o -c /home/raj-csh/dev/game/cmake/CMakeFiles/CMakeTmp/CheckSymbolExists.c
/home/raj-csh/dev/game/cmake/CMakeFiles/CMakeTmp/CheckSymbolExists.c: In function ‘main’:
/home/raj-csh/dev/game/cmake/CMakeFiles/CMakeTmp/CheckSymbolExists.c:14:19: error: ‘_ltoa’ undeclared (first use in this function)
   14 |   return ((int*)(&_ltoa))[argc];
      |                   ^~~~~
/home/raj-csh/dev/game/cmake/CMakeFiles/CMakeTmp/CheckSymbolExists.c:14:19: note: each undeclared identifier is reported only once for each function it appears in
make[1]: *** [CMakeFiles/cmTC_def8e.dir/build.make:85: CMakeFiles/cmTC_def8e.dir/CheckSymbolExists.c.o] Error 1
make[1]: Leaving directory '/home/raj-csh/dev/game/cmake/CMakeFiles/CMakeTmp'
make: *** [Makefile:140: cmTC_def8e/fast] Error 2


File /home/raj-csh/dev/game/cmake/CMakeFiles/CMakeTmp/CheckSymbolExists.c:
/* */
#include <stddef.h>
#include <stdarg.h>
#include <stdlib.h>
#include <string.h>
#include <stdio.h>
#include <wchar.h>
#include <float.h>

int main(int argc, char** argv)
{
  (void)argv;
#ifndef _ltoa
  return ((int*)(&_ltoa))[argc];
#else
  (void)argc;
  return 0;
#endif
}
Determining if the _uitoa exist failed with the following output:
Change Dir: /home/raj-csh/dev/game/cmake/CMakeFiles/CMakeTmp

Run Build Command(s):/usr/bin/make cmTC_9051a/fast && /usr/bin/make  -f CMakeFiles/cmTC_9051a.dir/build.make CMakeFiles/cmTC_9051a.dir/build
make[1]: Entering directory '/home/raj-csh/dev/game/cmake/CMakeFiles/CMakeTmp'
Building C object CMakeFiles/cmTC_9051a.dir/CheckSymbolExists.c.o
/usr/bin/cc   -g -O3 -idirafter "/home/raj-csh/dev/game/lib/SDL2/src/video/khronos"  -o CMakeFiles/cmTC_9051a.dir/CheckSymbolExists.c.o -c /home/raj-csh/dev/game/cmake/CMakeFiles/CMakeTmp/CheckSymbolExists.c
/home/raj-csh/dev/game/cmake/CMakeFiles/CMakeTmp/CheckSymbolExists.c: In function ‘main’:
/home/raj-csh/dev/game/cmake/CMakeFiles/CMakeTmp/CheckSymbolExists.c:14:19: error: ‘_uitoa’ undeclared (first use in this function)
   14 |   return ((int*)(&_uitoa))[argc];
      |                   ^~~~~~
/home/raj-csh/dev/game/cmake/CMakeFiles/CMakeTmp/CheckSymbolExists.c:14:19: note: each undeclared identifier is reported only once for each function it appears in
make[1]: *** [CMakeFiles/cmTC_9051a.dir/build.make:85: CMakeFiles/cmTC_9051a.dir/CheckSymbolExists.c.o] Error 1
make[1]: Leaving directory '/home/raj-csh/dev/game/cmake/CMakeFiles/CMakeTmp'
make: *** [Makefile:140: cmTC_9051a/fast] Error 2


File /home/raj-csh/dev/game/cmake/CMakeFiles/CMakeTmp/CheckSymbolExists.c:
/* */
#include <stddef.h>
#include <stdarg.h>
#include <stdlib.h>
#include <string.h>
#include <stdio.h>
#include <wchar.h>
#include <float.h>

int main(int argc, char** argv)
{
  (void)argv;
#ifndef _uitoa
  return ((int*)(&_uitoa))[argc];
#else
  (void)argc;
  return 0;
#endif
}
Determining if the _ultoa exist failed with the following output:
Change Dir: /home/raj-csh/dev/game/cmake/CMakeFiles/CMakeTmp

Run Build Command(s):/usr/bin/make cmTC_eb431/fast && /usr/bin/make  -f CMakeFiles/cmTC_eb431.dir/build.make CMakeFiles/cmTC_eb431.dir/build
make[1]: Entering directory '/home/raj-csh/dev/game/cmake/CMakeFiles/CMakeTmp'
Building C object CMakeFiles/cmTC_eb431.dir/CheckSymbolExists.c.o
/usr/bin/cc   -g -O3 -idirafter "/home/raj-csh/dev/game/lib/SDL2/src/video/khronos"  -o CMakeFiles/cmTC_eb431.dir/CheckSymbolExists.c.o -c /home/raj-csh/dev/game/cmake/CMakeFiles/CMakeTmp/CheckSymbolExists.c
/home/raj-csh/dev/game/cmake/CMakeFiles/CMakeTmp/CheckSymbolExists.c: In function ‘main’:
/home/raj-csh/dev/game/cmake/CMakeFiles/CMakeTmp/CheckSymbolExists.c:14:19: error: ‘_ultoa’ undeclared (first use in this function)
   14 |   return ((int*)(&_ultoa))[argc];
      |                   ^~~~~~
/home/raj-csh/dev/game/cmake/CMakeFiles/CMakeTmp/CheckSymbolExists.c:14:19: note: each undeclared identifier is reported only once for each function it appears in
make[1]: *** [CMakeFiles/cmTC_eb431.dir/build.make:85: CMakeFiles/cmTC_eb431.dir/CheckSymbolExists.c.o] Error 1
make[1]: Leaving directory '/home/raj-csh/dev/game/cmake/CMakeFiles/CMakeTmp'
make: *** [Makefile:140: cmTC_eb431/fast] Error 2


File /home/raj-csh/dev/game/cmake/CMakeFiles/CMakeTmp/CheckSymbolExists.c:
/* */
#include <stddef.h>
#include <stdarg.h>
#include <stdlib.h>
#include <string.h>
#include <stdio.h>
#include <wchar.h>
#include <float.h>

int main(int argc, char** argv)
{
  (void)argv;
#ifndef _ultoa
  return ((int*)(&_ultoa))[argc];
#else
  (void)argc;
  return 0;
#endif
}
Determining if the _i64toa exist failed with the following output:
Change Dir: /home/raj-csh/dev/game/cmake/CMakeFiles/CMakeTmp

Run Build Command(s):/usr/bin/make cmTC_cce4a/fast && /usr/bin/make  -f CMakeFiles/cmTC_cce4a.dir/build.make CMakeFiles/cmTC_cce4a.dir/build
make[1]: Entering directory '/home/raj-csh/dev/game/cmake/CMakeFiles/CMakeTmp'
Building C object CMakeFiles/cmTC_cce4a.dir/CheckSymbolExists.c.o
/usr/bin/cc   -g -O3 -idirafter "/home/raj-csh/dev/game/lib/SDL2/src/video/khronos"  -o CMakeFiles/cmTC_cce4a.dir/CheckSymbolExists.c.o -c /home/raj-csh/dev/game/cmake/CMakeFiles/CMakeTmp/CheckSymbolExists.c
/home/raj-csh/dev/game/cmake/CMakeFiles/CMakeTmp/CheckSymbolExists.c: In function ‘main’:
/home/raj-csh/dev/game/cmake/CMakeFiles/CMakeTmp/CheckSymbolExists.c:14:19: error: ‘_i64toa’ undeclared (first use in this function)
   14 |   return ((int*)(&_i64toa))[argc];
      |                   ^~~~~~~
/home/raj-csh/dev/game/cmake/CMakeFiles/CMakeTmp/CheckSymbolExists.c:14:19: note: each undeclared identifier is reported only once for each function it appears in
make[1]: *** [CMakeFiles/cmTC_cce4a.dir/build.make:85: CMakeFiles/cmTC_cce4a.dir/CheckSymbolExists.c.o] Error 1
make[1]: Leaving directory '/home/raj-csh/dev/game/cmake/CMakeFiles/CMakeTmp'
make: *** [Makefile:140: cmTC_cce4a/fast] Error 2


File /home/raj-csh/dev/game/cmake/CMakeFiles/CMakeTmp/CheckSymbolExists.c:
/* */
#include <stddef.h>
#include <stdarg.h>
#include <stdlib.h>
#include <string.h>
#include <stdio.h>
#include <wchar.h>
#include <float.h>

int main(int argc, char** argv)
{
  (void)argv;
#ifndef _i64toa
  return ((int*)(&_i64toa))[argc];
#else
  (void)argc;
  return 0;
#endif
}
Determining if the _ui64toa exist failed with the following output:
Change Dir: /home/raj-csh/dev/game/cmake/CMakeFiles/CMakeTmp

Run Build Command(s):/usr/bin/make cmTC_84f4b/fast && /usr/bin/make  -f CMakeFiles/cmTC_84f4b.dir/build.make CMakeFiles/cmTC_84f4b.dir/build
make[1]: Entering directory '/home/raj-csh/dev/game/cmake/CMakeFiles/CMakeTmp'
Building C object CMakeFiles/cmTC_84f4b.dir/CheckSymbolExists.c.o
/usr/bin/cc   -g -O3 -idirafter "/home/raj-csh/dev/game/lib/SDL2/src/video/khronos"  -o CMakeFiles/cmTC_84f4b.dir/CheckSymbolExists.c.o -c /home/raj-csh/dev/game/cmake/CMakeFiles/CMakeTmp/CheckSymbolExists.c
/home/raj-csh/dev/game/cmake/CMakeFiles/CMakeTmp/CheckSymbolExists.c: In function ‘main’:
/home/raj-csh/dev/game/cmake/CMakeFiles/CMakeTmp/CheckSymbolExists.c:14:19: error: ‘_ui64toa’ undeclared (first use in this function)
   14 |   return ((int*)(&_ui64toa))[argc];
      |                   ^~~~~~~~
/home/raj-csh/dev/game/cmake/CMakeFiles/CMakeTmp/CheckSymbolExists.c:14:19: note: each undeclared identifier is reported only once for each function it appears in
make[1]: *** [CMakeFiles/cmTC_84f4b.dir/build.make:85: CMakeFiles/cmTC_84f4b.dir/CheckSymbolExists.c.o] Error 1
make[1]: Leaving directory '/home/raj-csh/dev/game/cmake/CMakeFiles/CMakeTmp'
make: *** [Makefile:140: cmTC_84f4b/fast] Error 2


File /home/raj-csh/dev/game/cmake/CMakeFiles/CMakeTmp/CheckSymbolExists.c:
/* */
#include <stddef.h>
#include <stdarg.h>
#include <stdlib.h>
#include <string.h>
#include <stdio.h>
#include <wchar.h>
#include <float.h>

int main(int argc, char** argv)
{
  (void)argv;
#ifndef _ui64toa
  return ((int*)(&_ui64toa))[argc];
#else
  (void)argc;
  return 0;
#endif
}
Determining if the _stricmp exist failed with the following output:
Change Dir: /home/raj-csh/dev/game/cmake/CMakeFiles/CMakeTmp

Run Build Command(s):/usr/bin/make cmTC_6358f/fast && /usr/bin/make  -f CMakeFiles/cmTC_6358f.dir/build.make CMakeFiles/cmTC_6358f.dir/build
make[1]: Entering directory '/home/raj-csh/dev/game/cmake/CMakeFiles/CMakeTmp'
Building C object CMakeFiles/cmTC_6358f.dir/CheckSymbolExists.c.o
/usr/bin/cc   -g -O3 -idirafter "/home/raj-csh/dev/game/lib/SDL2/src/video/khronos"  -o CMakeFiles/cmTC_6358f.dir/CheckSymbolExists.c.o -c /home/raj-csh/dev/game/cmake/CMakeFiles/CMakeTmp/CheckSymbolExists.c
/home/raj-csh/dev/game/cmake/CMakeFiles/CMakeTmp/CheckSymbolExists.c: In function ‘main’:
/home/raj-csh/dev/game/cmake/CMakeFiles/CMakeTmp/CheckSymbolExists.c:14:19: error: ‘_stricmp’ undeclared (first use in this function); did you mean ‘strncmp’?
   14 |   return ((int*)(&_stricmp))[argc];
      |                   ^~~~~~~~
      |                   strncmp
/home/raj-csh/dev/game/cmake/CMakeFiles/CMakeTmp/CheckSymbolExists.c:14:19: note: each undeclared identifier is reported only once for each function it appears in
make[1]: *** [CMakeFiles/cmTC_6358f.dir/build.make:85: CMakeFiles/cmTC_6358f.dir/CheckSymbolExists.c.o] Error 1
make[1]: Leaving directory '/home/raj-csh/dev/game/cmake/CMakeFiles/CMakeTmp'
make: *** [Makefile:140: cmTC_6358f/fast] Error 2


File /home/raj-csh/dev/game/cmake/CMakeFiles/CMakeTmp/CheckSymbolExists.c:
/* */
#include <stddef.h>
#include <stdarg.h>
#include <stdlib.h>
#include <string.h>
#include <stdio.h>
#include <wchar.h>
#include <float.h>

int main(int argc, char** argv)
{
  (void)argv;
#ifndef _stricmp
  return ((int*)(&_stricmp))[argc];
#else
  (void)argc;
  return 0;
#endif
}
Determining if the _strnicmp exist failed with the following output:
Change Dir: /home/raj-csh/dev/game/cmake/CMakeFiles/CMakeTmp

Run Build Command(s):/usr/bin/make cmTC_372a3/fast && /usr/bin/make  -f CMakeFiles/cmTC_372a3.dir/build.make CMakeFiles/cmTC_372a3.dir/build
make[1]: Entering directory '/home/raj-csh/dev/game/cmake/CMakeFiles/CMakeTmp'
Building C object CMakeFiles/cmTC_372a3.dir/CheckSymbolExists.c.o
/usr/bin/cc   -g -O3 -idirafter "/home/raj-csh/dev/game/lib/SDL2/src/video/khronos"  -o CMakeFiles/cmTC_372a3.dir/CheckSymbolExists.c.o -c /home/raj-csh/dev/game/cmake/CMakeFiles/CMakeTmp/CheckSymbolExists.c
/home/raj-csh/dev/game/cmake/CMakeFiles/CMakeTmp/CheckSymbolExists.c: In function ‘main’:
/home/raj-csh/dev/game/cmake/CMakeFiles/CMakeTmp/CheckSymbolExists.c:14:19: error: ‘_strnicmp’ undeclared (first use in this function); did you mean ‘strncmp’?
   14 |   return ((int*)(&_strnicmp))[argc];
      |                   ^~~~~~~~~
      |                   strncmp
/home/raj-csh/dev/game/cmake/CMakeFiles/CMakeTmp/CheckSymbolExists.c:14:19: note: each undeclared identifier is reported only once for each function it appears in
make[1]: *** [CMakeFiles/cmTC_372a3.dir/build.make:85: CMakeFiles/cmTC_372a3.dir/CheckSymbolExists.c.o] Error 1
make[1]: Leaving directory '/home/raj-csh/dev/game/cmake/CMakeFiles/CMakeTmp'
make: *** [Makefile:140: cmTC_372a3/fast] Error 2


File /home/raj-csh/dev/game/cmake/CMakeFiles/CMakeTmp/CheckSymbolExists.c:
/* */
#include <stddef.h>
#include <stdarg.h>
#include <stdlib.h>
#include <string.h>
#include <stdio.h>
#include <wchar.h>
#include <float.h>

int main(int argc, char** argv)
{
  (void)argv;
#ifndef _strnicmp
  return ((int*)(&_strnicmp))[argc];
#else
  (void)argc;
  return 0;
#endif
}
Determining if the wcslcat exist failed with the following output:
Change Dir: /home/raj-csh/dev/game/cmake/CMakeFiles/CMakeTmp

Run Build Command(s):/usr/bin/make cmTC_18925/fast && /usr/bin/make  -f CMakeFiles/cmTC_18925.dir/build.make CMakeFiles/cmTC_18925.dir/build
make[1]: Entering directory '/home/raj-csh/dev/game/cmake/CMakeFiles/CMakeTmp'
Building C object CMakeFiles/cmTC_18925.dir/CheckSymbolExists.c.o
/usr/bin/cc   -g -O3 -idirafter "/home/raj-csh/dev/game/lib/SDL2/src/video/khronos"  -o CMakeFiles/cmTC_18925.dir/CheckSymbolExists.c.o -c /home/raj-csh/dev/game/cmake/CMakeFiles/CMakeTmp/CheckSymbolExists.c
/home/raj-csh/dev/game/cmake/CMakeFiles/CMakeTmp/CheckSymbolExists.c: In function ‘main’:
/home/raj-csh/dev/game/cmake/CMakeFiles/CMakeTmp/CheckSymbolExists.c:14:19: error: ‘wcslcat’ undeclared (first use in this function); did you mean ‘wcsncat’?
   14 |   return ((int*)(&wcslcat))[argc];
      |                   ^~~~~~~
      |                   wcsncat
/home/raj-csh/dev/game/cmake/CMakeFiles/CMakeTmp/CheckSymbolExists.c:14:19: note: each undeclared identifier is reported only once for each function it appears in
make[1]: *** [CMakeFiles/cmTC_18925.dir/build.make:85: CMakeFiles/cmTC_18925.dir/CheckSymbolExists.c.o] Error 1
make[1]: Leaving directory '/home/raj-csh/dev/game/cmake/CMakeFiles/CMakeTmp'
make: *** [Makefile:140: cmTC_18925/fast] Error 2


File /home/raj-csh/dev/game/cmake/CMakeFiles/CMakeTmp/CheckSymbolExists.c:
/* */
#include <stddef.h>
#include <stdarg.h>
#include <stdlib.h>
#include <string.h>
#include <stdio.h>
#include <wchar.h>
#include <float.h>

int main(int argc, char** argv)
{
  (void)argv;
#ifndef wcslcat
  return ((int*)(&wcslcat))[argc];
#else
  (void)argc;
  return 0;
#endif
}
Determining if the wcslcpy exist failed with the following output:
Change Dir: /home/raj-csh/dev/game/cmake/CMakeFiles/CMakeTmp

Run Build Command(s):/usr/bin/make cmTC_a91e3/fast && /usr/bin/make  -f CMakeFiles/cmTC_a91e3.dir/build.make CMakeFiles/cmTC_a91e3.dir/build
make[1]: Entering directory '/home/raj-csh/dev/game/cmake/CMakeFiles/CMakeTmp'
Building C object CMakeFiles/cmTC_a91e3.dir/CheckSymbolExists.c.o
/usr/bin/cc   -g -O3 -idirafter "/home/raj-csh/dev/game/lib/SDL2/src/video/khronos"  -o CMakeFiles/cmTC_a91e3.dir/CheckSymbolExists.c.o -c /home/raj-csh/dev/game/cmake/CMakeFiles/CMakeTmp/CheckSymbolExists.c
/home/raj-csh/dev/game/cmake/CMakeFiles/CMakeTmp/CheckSymbolExists.c: In function ‘main’:
/home/raj-csh/dev/game/cmake/CMakeFiles/CMakeTmp/CheckSymbolExists.c:14:19: error: ‘wcslcpy’ undeclared (first use in this function); did you mean ‘wcsncpy’?
   14 |   return ((int*)(&wcslcpy))[argc];
      |                   ^~~~~~~
      |                   wcsncpy
/home/raj-csh/dev/game/cmake/CMakeFiles/CMakeTmp/CheckSymbolExists.c:14:19: note: each undeclared identifier is reported only once for each function it appears in
make[1]: *** [CMakeFiles/cmTC_a91e3.dir/build.make:85: CMakeFiles/cmTC_a91e3.dir/CheckSymbolExists.c.o] Error 1
make[1]: Leaving directory '/home/raj-csh/dev/game/cmake/CMakeFiles/CMakeTmp'
make: *** [Makefile:140: cmTC_a91e3/fast] Error 2


File /home/raj-csh/dev/game/cmake/CMakeFiles/CMakeTmp/CheckSymbolExists.c:
/* */
#include <stddef.h>
#include <stdarg.h>
#include <stdlib.h>
#include <string.h>
#include <stdio.h>
#include <wchar.h>
#include <float.h>

int main(int argc, char** argv)
{
  (void)argv;
#ifndef wcslcpy
  return ((int*)(&wcslcpy))[argc];
#else
  (void)argc;
  return 0;
#endif
}
Determining if the _wcsicmp exist failed with the following output:
Change Dir: /home/raj-csh/dev/game/cmake/CMakeFiles/CMakeTmp

Run Build Command(s):/usr/bin/make cmTC_4825d/fast && /usr/bin/make  -f CMakeFiles/cmTC_4825d.dir/build.make CMakeFiles/cmTC_4825d.dir/build
make[1]: Entering directory '/home/raj-csh/dev/game/cmake/CMakeFiles/CMakeTmp'
Building C object CMakeFiles/cmTC_4825d.dir/CheckSymbolExists.c.o
/usr/bin/cc   -g -O3 -idirafter "/home/raj-csh/dev/game/lib/SDL2/src/video/khronos"  -o CMakeFiles/cmTC_4825d.dir/CheckSymbolExists.c.o -c /home/raj-csh/dev/game/cmake/CMakeFiles/CMakeTmp/CheckSymbolExists.c
/home/raj-csh/dev/game/cmake/CMakeFiles/CMakeTmp/CheckSymbolExists.c: In function ‘main’:
/home/raj-csh/dev/game/cmake/CMakeFiles/CMakeTmp/CheckSymbolExists.c:14:19: error: ‘_wcsicmp’ undeclared (first use in this function); did you mean ‘wcsncmp’?
   14 |   return ((int*)(&_wcsicmp))[argc];
      |                   ^~~~~~~~
      |                   wcsncmp
/home/raj-csh/dev/game/cmake/CMakeFiles/CMakeTmp/CheckSymbolExists.c:14:19: note: each undeclared identifier is reported only once for each function it appears in
make[1]: *** [CMakeFiles/cmTC_4825d.dir/build.make:85: CMakeFiles/cmTC_4825d.dir/CheckSymbolExists.c.o] Error 1
make[1]: Leaving directory '/home/raj-csh/dev/game/cmake/CMakeFiles/CMakeTmp'
make: *** [Makefile:140: cmTC_4825d/fast] Error 2


File /home/raj-csh/dev/game/cmake/CMakeFiles/CMakeTmp/CheckSymbolExists.c:
/* */
#include <stddef.h>
#include <stdarg.h>
#include <stdlib.h>
#include <string.h>
#include <stdio.h>
#include <wchar.h>
#include <float.h>

int main(int argc, char** argv)
{
  (void)argv;
#ifndef _wcsicmp
  return ((int*)(&_wcsicmp))[argc];
#else
  (void)argc;
  return 0;
#endif
}
Determining if the _wcsnicmp exist failed with the following output:
Change Dir: /home/raj-csh/dev/game/cmake/CMakeFiles/CMakeTmp

Run Build Command(s):/usr/bin/make cmTC_ec9a6/fast && /usr/bin/make  -f CMakeFiles/cmTC_ec9a6.dir/build.make CMakeFiles/cmTC_ec9a6.dir/build
make[1]: Entering directory '/home/raj-csh/dev/game/cmake/CMakeFiles/CMakeTmp'
Building C object CMakeFiles/cmTC_ec9a6.dir/CheckSymbolExists.c.o
/usr/bin/cc   -g -O3 -idirafter "/home/raj-csh/dev/game/lib/SDL2/src/video/khronos"  -o CMakeFiles/cmTC_ec9a6.dir/CheckSymbolExists.c.o -c /home/raj-csh/dev/game/cmake/CMakeFiles/CMakeTmp/CheckSymbolExists.c
/home/raj-csh/dev/game/cmake/CMakeFiles/CMakeTmp/CheckSymbolExists.c: In function ‘main’:
/home/raj-csh/dev/game/cmake/CMakeFiles/CMakeTmp/CheckSymbolExists.c:14:19: error: ‘_wcsnicmp’ undeclared (first use in this function); did you mean ‘wcsncmp’?
   14 |   return ((int*)(&_wcsnicmp))[argc];
      |                   ^~~~~~~~~
      |                   wcsncmp
/home/raj-csh/dev/game/cmake/CMakeFiles/CMakeTmp/CheckSymbolExists.c:14:19: note: each undeclared identifier is reported only once for each function it appears in
make[1]: *** [CMakeFiles/cmTC_ec9a6.dir/build.make:85: CMakeFiles/cmTC_ec9a6.dir/CheckSymbolExists.c.o] Error 1
make[1]: Leaving directory '/home/raj-csh/dev/game/cmake/CMakeFiles/CMakeTmp'
make: *** [Makefile:140: cmTC_ec9a6/fast] Error 2


File /home/raj-csh/dev/game/cmake/CMakeFiles/CMakeTmp/CheckSymbolExists.c:
/* */
#include <stddef.h>
#include <stdarg.h>
#include <stdlib.h>
#include <string.h>
#include <stdio.h>
#include <wchar.h>
#include <float.h>

int main(int argc, char** argv)
{
  (void)argv;
#ifndef _wcsnicmp
  return ((int*)(&_wcsnicmp))[argc];
#else
  (void)argc;
  return 0;
#endif
}
Determining if the fopen64 exist failed with the following output:
Change Dir: /home/raj-csh/dev/game/cmake/CMakeFiles/CMakeTmp

Run Build Command(s):/usr/bin/make cmTC_8d4d1/fast && /usr/bin/make  -f CMakeFiles/cmTC_8d4d1.dir/build.make CMakeFiles/cmTC_8d4d1.dir/build
make[1]: Entering directory '/home/raj-csh/dev/game/cmake/CMakeFiles/CMakeTmp'
Building C object CMakeFiles/cmTC_8d4d1.dir/CheckSymbolExists.c.o
/usr/bin/cc   -g -O3 -idirafter "/home/raj-csh/dev/game/lib/SDL2/src/video/khronos"  -o CMakeFiles/cmTC_8d4d1.dir/CheckSymbolExists.c.o -c /home/raj-csh/dev/game/cmake/CMakeFiles/CMakeTmp/CheckSymbolExists.c
/home/raj-csh/dev/game/cmake/CMakeFiles/CMakeTmp/CheckSymbolExists.c: In function ‘main’:
/home/raj-csh/dev/game/cmake/CMakeFiles/CMakeTmp/CheckSymbolExists.c:14:19: error: ‘fopen64’ undeclared (first use in this function); did you mean ‘fopen’?
   14 |   return ((int*)(&fopen64))[argc];
      |                   ^~~~~~~
      |                   fopen
/home/raj-csh/dev/game/cmake/CMakeFiles/CMakeTmp/CheckSymbolExists.c:14:19: note: each undeclared identifier is reported only once for each function it appears in
make[1]: *** [CMakeFiles/cmTC_8d4d1.dir/build.make:85: CMakeFiles/cmTC_8d4d1.dir/CheckSymbolExists.c.o] Error 1
make[1]: Leaving directory '/home/raj-csh/dev/game/cmake/CMakeFiles/CMakeTmp'
make: *** [Makefile:140: cmTC_8d4d1/fast] Error 2


File /home/raj-csh/dev/game/cmake/CMakeFiles/CMakeTmp/CheckSymbolExists.c:
/* */
#include <stddef.h>
#include <stdarg.h>
#include <stdlib.h>
#include <string.h>
#include <stdio.h>
#include <wchar.h>
#include <float.h>

int main(int argc, char** argv)
{
  (void)argv;
#ifndef fopen64
  return ((int*)(&fopen64))[argc];
#else
  (void)argc;
  return 0;
#endif
}
Determining if the fseeko64 exist failed with the following output:
Change Dir: /home/raj-csh/dev/game/cmake/CMakeFiles/CMakeTmp

Run Build Command(s):/usr/bin/make cmTC_5b003/fast && /usr/bin/make  -f CMakeFiles/cmTC_5b003.dir/build.make CMakeFiles/cmTC_5b003.dir/build
make[1]: Entering directory '/home/raj-csh/dev/game/cmake/CMakeFiles/CMakeTmp'
Building C object CMakeFiles/cmTC_5b003.dir/CheckSymbolExists.c.o
/usr/bin/cc   -g -O3 -idirafter "/home/raj-csh/dev/game/lib/SDL2/src/video/khronos"  -o CMakeFiles/cmTC_5b003.dir/CheckSymbolExists.c.o -c /home/raj-csh/dev/game/cmake/CMakeFiles/CMakeTmp/CheckSymbolExists.c
/home/raj-csh/dev/game/cmake/CMakeFiles/CMakeTmp/CheckSymbolExists.c: In function ‘main’:
/home/raj-csh/dev/game/cmake/CMakeFiles/CMakeTmp/CheckSymbolExists.c:14:19: error: ‘fseeko64’ undeclared (first use in this function); did you mean ‘fseeko’?
   14 |   return ((int*)(&fseeko64))[argc];
      |                   ^~~~~~~~
      |                   fseeko
/home/raj-csh/dev/game/cmake/CMakeFiles/CMakeTmp/CheckSymbolExists.c:14:19: note: each undeclared identifier is reported only once for each function it appears in
make[1]: *** [CMakeFiles/cmTC_5b003.dir/build.make:85: CMakeFiles/cmTC_5b003.dir/CheckSymbolExists.c.o] Error 1
make[1]: Leaving directory '/home/raj-csh/dev/game/cmake/CMakeFiles/CMakeTmp'
make: *** [Makefile:140: cmTC_5b003/fast] Error 2


File /home/raj-csh/dev/game/cmake/CMakeFiles/CMakeTmp/CheckSymbolExists.c:
/* */
#include <stddef.h>
#include <stdarg.h>
#include <stdlib.h>
#include <string.h>
#include <stdio.h>
#include <wchar.h>
#include <float.h>

int main(int argc, char** argv)
{
  (void)argv;
#ifndef fseeko64
  return ((int*)(&fseeko64))[argc];
#else
  (void)argc;
  return 0;
#endif
}
Determining if the sysctlbyname exist failed with the following output:
Change Dir: /home/raj-csh/dev/game/cmake/CMakeFiles/CMakeTmp

Run Build Command(s):/usr/bin/make cmTC_f5a6a/fast && /usr/bin/make  -f CMakeFiles/cmTC_f5a6a.dir/build.make CMakeFiles/cmTC_f5a6a.dir/build
make[1]: Entering directory '/home/raj-csh/dev/game/cmake/CMakeFiles/CMakeTmp'
Building C object CMakeFiles/cmTC_f5a6a.dir/CheckSymbolExists.c.o
/usr/bin/cc   -g -O3 -idirafter "/home/raj-csh/dev/game/lib/SDL2/src/video/khronos"  -o CMakeFiles/cmTC_f5a6a.dir/CheckSymbolExists.c.o -c /home/raj-csh/dev/game/cmake/CMakeFiles/CMakeTmp/CheckSymbolExists.c
/home/raj-csh/dev/game/cmake/CMakeFiles/CMakeTmp/CheckSymbolExists.c:3:10: fatal error: sys/sysctl.h: No such file or directory
    3 | #include <sys/sysctl.h>
      |          ^~~~~~~~~~~~~~
compilation terminated.
make[1]: *** [CMakeFiles/cmTC_f5a6a.dir/build.make:85: CMakeFiles/cmTC_f5a6a.dir/CheckSymbolExists.c.o] Error 1
make[1]: Leaving directory '/home/raj-csh/dev/game/cmake/CMakeFiles/CMakeTmp'
make: *** [Makefile:140: cmTC_f5a6a/fast] Error 2


File /home/raj-csh/dev/game/cmake/CMakeFiles/CMakeTmp/CheckSymbolExists.c:
/* */
#include <sys/types.h>
#include <sys/sysctl.h>

int main(int argc, char** argv)
{
  (void)argv;
#ifndef sysctlbyname
  return ((int*)(&sysctlbyname))[argc];
#else
  (void)argc;
  return 0;
#endif
}
Determining if the elf_aux_info exist failed with the following output:
Change Dir: /home/raj-csh/dev/game/cmake/CMakeFiles/CMakeTmp

Run Build Command(s):/usr/bin/make cmTC_5d689/fast && /usr/bin/make  -f CMakeFiles/cmTC_5d689.dir/build.make CMakeFiles/cmTC_5d689.dir/build
make[1]: Entering directory '/home/raj-csh/dev/game/cmake/CMakeFiles/CMakeTmp'
Building C object CMakeFiles/cmTC_5d689.dir/CheckSymbolExists.c.o
/usr/bin/cc   -g -O3 -idirafter "/home/raj-csh/dev/game/lib/SDL2/src/video/khronos"  -o CMakeFiles/cmTC_5d689.dir/CheckSymbolExists.c.o -c /home/raj-csh/dev/game/cmake/CMakeFiles/CMakeTmp/CheckSymbolExists.c
/home/raj-csh/dev/game/cmake/CMakeFiles/CMakeTmp/CheckSymbolExists.c: In function ‘main’:
/home/raj-csh/dev/game/cmake/CMakeFiles/CMakeTmp/CheckSymbolExists.c:8:19: error: ‘elf_aux_info’ undeclared (first use in this function)
    8 |   return ((int*)(&elf_aux_info))[argc];
      |                   ^~~~~~~~~~~~
/home/raj-csh/dev/game/cmake/CMakeFiles/CMakeTmp/CheckSymbolExists.c:8:19: note: each undeclared identifier is reported only once for each function it appears in
make[1]: *** [CMakeFiles/cmTC_5d689.dir/build.make:85: CMakeFiles/cmTC_5d689.dir/CheckSymbolExists.c.o] Error 1
make[1]: Leaving directory '/home/raj-csh/dev/game/cmake/CMakeFiles/CMakeTmp'
make: *** [Makefile:140: cmTC_5d689/fast] Error 2


File /home/raj-csh/dev/game/cmake/CMakeFiles/CMakeTmp/CheckSymbolExists.c:
/* */
#include <sys/auxv.h>

int main(int argc, char** argv)
{
  (void)argv;
#ifndef elf_aux_info
  return ((int*)(&elf_aux_info))[argc];
#else
  (void)argc;
  return 0;
#endif
}
Determining if the function iconv_open exists in the iconv failed with the following output:
Change Dir: /home/raj-csh/dev/game/cmake/CMakeFiles/CMakeTmp

Run Build Command(s):/usr/bin/make cmTC_45cae/fast && /usr/bin/make  -f CMakeFiles/cmTC_45cae.dir/build.make CMakeFiles/cmTC_45cae.dir/build
make[1]: Entering directory '/home/raj-csh/dev/game/cmake/CMakeFiles/CMakeTmp'
Building C object CMakeFiles/cmTC_45cae.dir/CheckFunctionExists.c.o
/usr/bin/cc   -g -O3 -idirafter "/home/raj-csh/dev/game/lib/SDL2/src/video/khronos" -DCHECK_FUNCTION_EXISTS=iconv_open -o CMakeFiles/cmTC_45cae.dir/CheckFunctionExists.c.o -c /usr/share/cmake-3.19/Modules/CheckFunctionExists.c
Linking C executable cmTC_45cae
/usr/bin/cmake -E cmake_link_script CMakeFiles/cmTC_45cae.dir/link.txt --verbose=1
/usr/bin/cc -g -O3 -idirafter "/home/raj-csh/dev/game/lib/SDL2/src/video/khronos" -DCHECK_FUNCTION_EXISTS=iconv_open -rdynamic CMakeFiles/cmTC_45cae.dir/CheckFunctionExists.c.o -o cmTC_45cae  -liconv 
/usr/bin/ld: cannot find -liconv
collect2: error: ld returned 1 exit status
make[1]: *** [CMakeFiles/cmTC_45cae.dir/build.make:106: cmTC_45cae] Error 1
make[1]: Leaving directory '/home/raj-csh/dev/game/cmake/CMakeFiles/CMakeTmp'
make: *** [Makefile:140: cmTC_45cae/fast] Error 2



Determining if the alloca exist failed with the following output:
Change Dir: /home/raj-csh/dev/game/cmake/CMakeFiles/CMakeTmp

Run Build Command(s):/usr/bin/make cmTC_3839b/fast && /usr/bin/make  -f CMakeFiles/cmTC_3839b.dir/build.make CMakeFiles/cmTC_3839b.dir/build
make[1]: Entering directory '/home/raj-csh/dev/game/cmake/CMakeFiles/CMakeTmp'
Building C object CMakeFiles/cmTC_3839b.dir/CheckSymbolExists.c.o
/usr/bin/cc   -g -O3 -idirafter "/home/raj-csh/dev/game/lib/SDL2/src/video/khronos"  -o CMakeFiles/cmTC_3839b.dir/CheckSymbolExists.c.o -c /home/raj-csh/dev/game/cmake/CMakeFiles/CMakeTmp/CheckSymbolExists.c
/home/raj-csh/dev/game/cmake/CMakeFiles/CMakeTmp/CheckSymbolExists.c: In function ‘main’:
/home/raj-csh/dev/game/cmake/CMakeFiles/CMakeTmp/CheckSymbolExists.c:8:19: error: ‘alloca’ undeclared (first use in this function); did you mean ‘valloc’?
    8 |   return ((int*)(&alloca))[argc];
      |                   ^~~~~~
      |                   valloc
/home/raj-csh/dev/game/cmake/CMakeFiles/CMakeTmp/CheckSymbolExists.c:8:19: note: each undeclared identifier is reported only once for each function it appears in
make[1]: *** [CMakeFiles/cmTC_3839b.dir/build.make:85: CMakeFiles/cmTC_3839b.dir/CheckSymbolExists.c.o] Error 1
make[1]: Leaving directory '/home/raj-csh/dev/game/cmake/CMakeFiles/CMakeTmp'
make: *** [Makefile:140: cmTC_3839b/fast] Error 2


File /home/raj-csh/dev/game/cmake/CMakeFiles/CMakeTmp/CheckSymbolExists.c:
/* */
#include <malloc.h>

int main(int argc, char** argv)
{
  (void)argv;
#ifndef alloca
  return ((int*)(&alloca))[argc];
#else
  (void)argc;
  return 0;
#endif
}
Determining if the dlopen exist failed with the following output:
Change Dir: /home/raj-csh/dev/game/cmake/CMakeFiles/CMakeTmp

Run Build Command(s):/usr/bin/make cmTC_1d5c9/fast && /usr/bin/make  -f CMakeFiles/cmTC_1d5c9.dir/build.make CMakeFiles/cmTC_1d5c9.dir/build
make[1]: Entering directory '/home/raj-csh/dev/game/cmake/CMakeFiles/CMakeTmp'
Building C object CMakeFiles/cmTC_1d5c9.dir/CheckSymbolExists.c.o
/usr/bin/cc   -g -O3 -idirafter "/home/raj-csh/dev/game/lib/SDL2/src/video/khronos"  -o CMakeFiles/cmTC_1d5c9.dir/CheckSymbolExists.c.o -c /home/raj-csh/dev/game/cmake/CMakeFiles/CMakeTmp/CheckSymbolExists.c
Linking C executable cmTC_1d5c9
/usr/bin/cmake -E cmake_link_script CMakeFiles/cmTC_1d5c9.dir/link.txt --verbose=1
/usr/bin/cc -g -O3 -idirafter "/home/raj-csh/dev/game/lib/SDL2/src/video/khronos"  -rdynamic CMakeFiles/cmTC_1d5c9.dir/CheckSymbolExists.c.o -o cmTC_1d5c9 
/usr/bin/ld: CMakeFiles/cmTC_1d5c9.dir/CheckSymbolExists.c.o: in function `main':
/home/raj-csh/dev/game/cmake/CMakeFiles/CMakeTmp/CheckSymbolExists.c:8: undefined reference to `dlopen'
collect2: error: ld returned 1 exit status
make[1]: *** [CMakeFiles/cmTC_1d5c9.dir/build.make:106: cmTC_1d5c9] Error 1
make[1]: Leaving directory '/home/raj-csh/dev/game/cmake/CMakeFiles/CMakeTmp'
make: *** [Makefile:140: cmTC_1d5c9/fast] Error 2


File /home/raj-csh/dev/game/cmake/CMakeFiles/CMakeTmp/CheckSymbolExists.c:
/* */
#include <dlfcn.h>

int main(int argc, char** argv)
{
  (void)argv;
#ifndef dlopen
  return ((int*)(&dlopen))[argc];
#else
  (void)argc;
  return 0;
#endif
}
Determining if the include file audio/audiolib.h exists failed with the following output:
Change Dir: /home/raj-csh/dev/game/cmake/CMakeFiles/CMakeTmp

Run Build Command(s):/usr/bin/make cmTC_32d78/fast && /usr/bin/make  -f CMakeFiles/cmTC_32d78.dir/build.make CMakeFiles/cmTC_32d78.dir/build
make[1]: Entering directory '/home/raj-csh/dev/game/cmake/CMakeFiles/CMakeTmp'
Building C object CMakeFiles/cmTC_32d78.dir/CheckIncludeFile.c.o
/usr/bin/cc   -g -O3 -idirafter "/home/raj-csh/dev/game/lib/SDL2/src/video/khronos"  -o CMakeFiles/cmTC_32d78.dir/CheckIncludeFile.c.o -c /home/raj-csh/dev/game/cmake/CMakeFiles/CMakeTmp/CheckIncludeFile.c
/home/raj-csh/dev/game/cmake/CMakeFiles/CMakeTmp/CheckIncludeFile.c:1:10: fatal error: audio/audiolib.h: No such file or directory
    1 | #include <audio/audiolib.h>
      |          ^~~~~~~~~~~~~~~~~~
compilation terminated.
make[1]: *** [CMakeFiles/cmTC_32d78.dir/build.make:85: CMakeFiles/cmTC_32d78.dir/CheckIncludeFile.c.o] Error 1
make[1]: Leaving directory '/home/raj-csh/dev/game/cmake/CMakeFiles/CMakeTmp'
make: *** [Makefile:140: cmTC_32d78/fast] Error 2



Determining if the include file sndio.h exists failed with the following output:
Change Dir: /home/raj-csh/dev/game/cmake/CMakeFiles/CMakeTmp

Run Build Command(s):/usr/bin/make cmTC_d9bf4/fast && /usr/bin/make  -f CMakeFiles/cmTC_d9bf4.dir/build.make CMakeFiles/cmTC_d9bf4.dir/build
make[1]: Entering directory '/home/raj-csh/dev/game/cmake/CMakeFiles/CMakeTmp'
Building C object CMakeFiles/cmTC_d9bf4.dir/CheckIncludeFile.c.o
/usr/bin/cc   -g -O3 -idirafter "/home/raj-csh/dev/game/lib/SDL2/src/video/khronos"  -o CMakeFiles/cmTC_d9bf4.dir/CheckIncludeFile.c.o -c /home/raj-csh/dev/game/cmake/CMakeFiles/CMakeTmp/CheckIncludeFile.c
/home/raj-csh/dev/game/cmake/CMakeFiles/CMakeTmp/CheckIncludeFile.c:1:10: fatal error: sndio.h: No such file or directory
    1 | #include <sndio.h>
      |          ^~~~~~~~~
compilation terminated.
make[1]: *** [CMakeFiles/cmTC_d9bf4.dir/build.make:85: CMakeFiles/cmTC_d9bf4.dir/CheckIncludeFile.c.o] Error 1
make[1]: Leaving directory '/home/raj-csh/dev/game/cmake/CMakeFiles/CMakeTmp'
make: *** [Makefile:140: cmTC_d9bf4/fast] Error 2



Performing C SOURCE FILE Test HAVE_VIDEO_RPI failed with the following output:
Change Dir: /home/raj-csh/dev/game/cmake/CMakeFiles/CMakeTmp

Run Build Command(s):/usr/bin/make cmTC_faba6/fast && /usr/bin/make  -f CMakeFiles/cmTC_faba6.dir/build.make CMakeFiles/cmTC_faba6.dir/build
make[1]: Entering directory '/home/raj-csh/dev/game/cmake/CMakeFiles/CMakeTmp'
Building C object CMakeFiles/cmTC_faba6.dir/src.c.o
/usr/bin/cc -DHAVE_VIDEO_RPI  -g -O3 -idirafter "/home/raj-csh/dev/game/lib/SDL2/src/video/khronos"  -I/opt/vc/include/interface/vmcs_host/linux/ -I/opt/vc/include/interface/vcos/pthreads -I/opt/vc/include  -L/opt/vc/lib -o CMakeFiles/cmTC_faba6.dir/src.c.o -c /home/raj-csh/dev/game/cmake/CMakeFiles/CMakeTmp/src.c
/home/raj-csh/dev/game/cmake/CMakeFiles/CMakeTmp/src.c:2:18: fatal error: bcm_host.h: No such file or directory
    2 |         #include <bcm_host.h>
      |                  ^~~~~~~~~~~~
compilation terminated.
make[1]: *** [CMakeFiles/cmTC_faba6.dir/build.make:85: CMakeFiles/cmTC_faba6.dir/src.c.o] Error 1
make[1]: Leaving directory '/home/raj-csh/dev/game/cmake/CMakeFiles/CMakeTmp'
make: *** [Makefile:140: cmTC_faba6/fast] Error 2


Source file was:

        #include <bcm_host.h>
        int main(int argc, char **argv) {}
Performing C SOURCE FILE Test HAVE_VIDEO_OPENGLES_V1 failed with the following output:
Change Dir: /home/raj-csh/dev/game/cmake/CMakeFiles/CMakeTmp

Run Build Command(s):/usr/bin/make cmTC_8e1f5/fast && /usr/bin/make  -f CMakeFiles/cmTC_8e1f5.dir/build.make CMakeFiles/cmTC_8e1f5.dir/build
make[1]: Entering directory '/home/raj-csh/dev/game/cmake/CMakeFiles/CMakeTmp'
Building C object CMakeFiles/cmTC_8e1f5.dir/src.c.o
/usr/bin/cc -DHAVE_VIDEO_OPENGLES_V1  -g -O3 -idirafter "/home/raj-csh/dev/game/lib/SDL2/src/video/khronos"   -o CMakeFiles/cmTC_8e1f5.dir/src.c.o -c /home/raj-csh/dev/game/cmake/CMakeFiles/CMakeTmp/src.c
/home/raj-csh/dev/game/cmake/CMakeFiles/CMakeTmp/src.c:2:16: fatal error: GLES/gl.h: No such file or directory
    2 |       #include <GLES/gl.h>
      |                ^~~~~~~~~~~
compilation terminated.
make[1]: *** [CMakeFiles/cmTC_8e1f5.dir/build.make:85: CMakeFiles/cmTC_8e1f5.dir/src.c.o] Error 1
make[1]: Leaving directory '/home/raj-csh/dev/game/cmake/CMakeFiles/CMakeTmp'
make: *** [Makefile:140: cmTC_8e1f5/fast] Error 2


Source file was:

      #include <GLES/gl.h>
      #include <GLES/glext.h>
      int main (int argc, char** argv) {}
Performing C SOURCE FILE Test HAVE_VIDEO_VIVANTE_VDK failed with the following output:
Change Dir: /home/raj-csh/dev/game/cmake/CMakeFiles/CMakeTmp

Run Build Command(s):/usr/bin/make cmTC_ed236/fast && /usr/bin/make  -f CMakeFiles/cmTC_ed236.dir/build.make CMakeFiles/cmTC_ed236.dir/build
make[1]: Entering directory '/home/raj-csh/dev/game/cmake/CMakeFiles/CMakeTmp'
Building C object CMakeFiles/cmTC_ed236.dir/src.c.o
/usr/bin/cc -DHAVE_VIDEO_VIVANTE_VDK  -g -O3 -idirafter "/home/raj-csh/dev/game/lib/SDL2/src/video/khronos"   -o CMakeFiles/cmTC_ed236.dir/src.c.o -c /home/raj-csh/dev/game/cmake/CMakeFiles/CMakeTmp/src.c
/home/raj-csh/dev/game/cmake/CMakeFiles/CMakeTmp/src.c:2:18: fatal error: gc_vdk.h: No such file or directory
    2 |         #include <gc_vdk.h>
      |                  ^~~~~~~~~~
compilation terminated.
make[1]: *** [CMakeFiles/cmTC_ed236.dir/build.make:85: CMakeFiles/cmTC_ed236.dir/src.c.o] Error 1
make[1]: Leaving directory '/home/raj-csh/dev/game/cmake/CMakeFiles/CMakeTmp'
make: *** [Makefile:140: cmTC_ed236/fast] Error 2


Source file was:

        #include <gc_vdk.h>
        int main(int argc, char** argv) {}
Performing C SOURCE FILE Test HAVE_VIDEO_VIVANTE_EGL_FB failed with the following output:
Change Dir: /home/raj-csh/dev/game/cmake/CMakeFiles/CMakeTmp

Run Build Command(s):/usr/bin/make cmTC_2b87f/fast && /usr/bin/make  -f CMakeFiles/cmTC_2b87f.dir/build.make CMakeFiles/cmTC_2b87f.dir/build
make[1]: Entering directory '/home/raj-csh/dev/game/cmake/CMakeFiles/CMakeTmp'
Building C object CMakeFiles/cmTC_2b87f.dir/src.c.o
/usr/bin/cc -DHAVE_VIDEO_VIVANTE_EGL_FB  -g -O3 -idirafter "/home/raj-csh/dev/game/lib/SDL2/src/video/khronos"   -o CMakeFiles/cmTC_2b87f.dir/src.c.o -c /home/raj-csh/dev/game/cmake/CMakeFiles/CMakeTmp/src.c
/home/raj-csh/dev/game/cmake/CMakeFiles/CMakeTmp/src.c:4:18: fatal error: EGL/eglvivante.h: No such file or directory
    4 |         #include <EGL/eglvivante.h>
      |                  ^~~~~~~~~~~~~~~~~~
compilation terminated.
make[1]: *** [CMakeFiles/cmTC_2b87f.dir/build.make:85: CMakeFiles/cmTC_2b87f.dir/src.c.o] Error 1
make[1]: Leaving directory '/home/raj-csh/dev/game/cmake/CMakeFiles/CMakeTmp'
make: *** [Makefile:140: cmTC_2b87f/fast] Error 2


Source file was:

        #define LINUX
        #define EGL_API_FB
        #include <EGL/eglvivante.h>
        int main(int argc, char** argv) {}
Determining if files pthread_np.h exist failed with the following output:
Change Dir: /home/raj-csh/dev/game/cmake/CMakeFiles/CMakeTmp

Run Build Command(s):/usr/bin/make cmTC_ee2ca/fast && /usr/bin/make  -f CMakeFiles/cmTC_ee2ca.dir/build.make CMakeFiles/cmTC_ee2ca.dir/build
make[1]: Entering directory '/home/raj-csh/dev/game/cmake/CMakeFiles/CMakeTmp'
Building C object CMakeFiles/cmTC_ee2ca.dir/HAVE_PTHREAD_NP_H.c.o
/usr/bin/cc   -g -O3 -idirafter "/home/raj-csh/dev/game/lib/SDL2/src/video/khronos"   -D_REENTRANT -pthread -o CMakeFiles/cmTC_ee2ca.dir/HAVE_PTHREAD_NP_H.c.o -c /home/raj-csh/dev/game/cmake/CMakeFiles/CheckIncludeFiles/HAVE_PTHREAD_NP_H.c
/home/raj-csh/dev/game/cmake/CMakeFiles/CheckIncludeFiles/HAVE_PTHREAD_NP_H.c:2:10: fatal error: pthread_np.h: No such file or directory
    2 | #include <pthread_np.h>
      |          ^~~~~~~~~~~~~~
compilation terminated.
make[1]: *** [CMakeFiles/cmTC_ee2ca.dir/build.make:85: CMakeFiles/cmTC_ee2ca.dir/HAVE_PTHREAD_NP_H.c.o] Error 1
make[1]: Leaving directory '/home/raj-csh/dev/game/cmake/CMakeFiles/CMakeTmp'
make: *** [Makefile:140: cmTC_ee2ca/fast] Error 2


Source:
/* */
#include <pthread_np.h>


int main(void){return 0;}

Determining if the pthread_setname_np exist failed with the following output:
Change Dir: /home/raj-csh/dev/game/cmake/CMakeFiles/CMakeTmp

Run Build Command(s):/usr/bin/make cmTC_61bc0/fast && /usr/bin/make  -f CMakeFiles/cmTC_61bc0.dir/build.make CMakeFiles/cmTC_61bc0.dir/build
make[1]: Entering directory '/home/raj-csh/dev/game/cmake/CMakeFiles/CMakeTmp'
Building C object CMakeFiles/cmTC_61bc0.dir/CheckSymbolExists.c.o
/usr/bin/cc   -g -O3 -idirafter "/home/raj-csh/dev/game/lib/SDL2/src/video/khronos"   -D_REENTRANT -pthread -o CMakeFiles/cmTC_61bc0.dir/CheckSymbolExists.c.o -c /home/raj-csh/dev/game/cmake/CMakeFiles/CMakeTmp/CheckSymbolExists.c
/home/raj-csh/dev/game/cmake/CMakeFiles/CMakeTmp/CheckSymbolExists.c: In function ‘main’:
/home/raj-csh/dev/game/cmake/CMakeFiles/CMakeTmp/CheckSymbolExists.c:8:19: error: ‘pthread_setname_np’ undeclared (first use in this function); did you mean ‘pthread_setcanceltype’?
    8 |   return ((int*)(&pthread_setname_np))[argc];
      |                   ^~~~~~~~~~~~~~~~~~
      |                   pthread_setcanceltype
/home/raj-csh/dev/game/cmake/CMakeFiles/CMakeTmp/CheckSymbolExists.c:8:19: note: each undeclared identifier is reported only once for each function it appears in
make[1]: *** [CMakeFiles/cmTC_61bc0.dir/build.make:85: CMakeFiles/cmTC_61bc0.dir/CheckSymbolExists.c.o] Error 1
make[1]: Leaving directory '/home/raj-csh/dev/game/cmake/CMakeFiles/CMakeTmp'
make: *** [Makefile:140: cmTC_61bc0/fast] Error 2


File /home/raj-csh/dev/game/cmake/CMakeFiles/CMakeTmp/CheckSymbolExists.c:
/* */
#include <pthread.h>

int main(int argc, char** argv)
{
  (void)argv;
#ifndef pthread_setname_np
  return ((int*)(&pthread_setname_np))[argc];
#else
  (void)argc;
  return 0;
#endif
}
